INFO:root:Started logging,  Code running..........  2022-10-10 13:37:11.161494
INFO:root:This is an Adress that has no listing: G6CcnB6v6Z3DgjkxQKCS1Pf4o7UpX6oE89ATTbCygMto
INFO:root:This is an Adress that has no listing: 8JV4Vp8cbe4UsUVc674PaxBuq7JBH2u8usSmKMdvL5x2
INFO:root:This is an Adress that has no listing: 9SHDXfC2ktK3BrFvWjXA2fZ1YYLjaoPiP82HAZYJDSEE
INFO:root:This is an Adress that has no listing: CzAkQwxCbMrDUUD5asLvN12Be8Yaag5VBbKxxCWSpzQi
INFO:root:This is an Adress that has no listing: Bdpk9sxnprQbVwhK8FuV3vwweau641Dw9LJjQWxDgvHy
INFO:root:This is an Adress that has no listing: EoC1v9793SHDfueJqSaA68BbdDK4aFSEqxyLSHAymb7W
INFO:root:This is an Adress that has no listing: hGbnniCJTciRbVjpiBrMZSKr2yHbRPUbYTWjJzGVLb3
INFO:root:This is an Adress that has no listing: FDAH6WxzypoHuiZrXwfynhjr4PeLgqvakhqFxTnEmU5e
INFO:root:This is an Adress that has no listing: 6knmKysQpcSg4cBDoJrZoJkZMJvTV7h3zwpV6UkhWQuN
INFO:root:This is an Adress that has no listing: 8vB1ka5DzVLZiftJ42dLN7aKxBshc8tZK4XZgNG2YsfN
INFO:root:This is an Adress that has no listing: 77bqCUzbi2GPs6Cxv3rXAmVr9vAeecrBudYPbsgE4XFx
INFO:root:This is an Adress that has no listing: GeFZSgE5m1iVVNd7RyJyh6n4co7X1uFhcRGr4jJciUAi
INFO:root:This is an Adress that has no listing: 34vRRcjDzJSk1drWUbcUTU1fPT9zKYTuXH1saW8VYfBx
INFO:root:This is an Adress that has no listing: 6JKhdfFU7eKnmh6VeonQuicdWxe9odRTJyi1J8wneWrV
INFO:root:This is an Adress that has no listing: AmzSeNmis2bwqjNnrU3HbUm1Ce1AFFHMArqkXSPTDgET
INFO:root:This is an Adress that has no listing: BG8V5ssj7FxNHvuUNsAyS9gMUkFytm1MuXdT9Vi4fL5Z
INFO:root:This is an Adress that has no listing: B8YBy13pMPTpcRKr4i9fMwCA5ioB7vFCwES4PBxzJWVm
INFO:root:This is an Adress that has no listing: 4HPUor4w78G9KP7ZSmNFHPu1KW7h2kWhZZ2nNf3HPMqc
INFO:root:This is an Adress that has no listing: 3cdL7SjJHPX5Din7NGKRAswrKc37BCgVqWYXJFjudkLQ
INFO:root:This is an Adress that has no listing: 5rfPZ9abPwLioEXjEMamoEU7bPGLtZepGzb79EytTgbd
INFO:root:This is an Adress that has no listing: GfBXYz7hvfEecCmWKsys61sW9oBvcg8WsxR1H3NZEhM7
INFO:root:This is an Adress that has no listing: hAyMPffVwERkGKmsCMovGB7gQH9jsz3frYn6GceU9vr
INFO:root:This is an Adress that has no listing: G65eaNMyRY7K6viP6osCKnrgJgMhi9roBa4SfiDSz87x
INFO:root:This is an Adress that has no listing: DcfqNANw7zLWB5H2VoP2yukMWoc1SXsAxRDsWATDy3Xf
INFO:root:This is an Adress that has no listing: 7kzS5zCBPKZeJeKKfugsQ6Cobjaoa5iqfB4YVL6B9Caw
INFO:root:This is an Adress that has no listing: 8W2DZtCpSqnrA7b5pj1cbcUc5gZVp8SVLoF4hEvQr6Pw
INFO:root:This is an Adress that has no listing: 2pwqfkNZ9SrNzmkabCbzCm2j7Wn8QHJ8jT9otfQmqsHP
INFO:root:This is an Adress that has no listing: EeDma4hxNZC4nATe6ffwBEspa7Ln58LdsmSfx3Rb36AS
INFO:root:This is an Adress that has no listing: 4wpMrK1XAZCFWp9GzLw2f7bB6apHLM3oKUm3syVp41Ks
INFO:root:This is an Adress that has no listing: 5mUCrkcGTGFrYK4S7qxHAMFFjQfD4F1r8RtLfXxiLfGA
INFO:root:This is an Adress that has no listing: FNH1YGjxmDrqhCzQmzxAr7uDB9YmFTyjQtHue35qnutP
INFO:root:This is an Adress that has no listing: MBW1yxq7cvL7PAvgwVtWhaMhff7WoucZdKcLUzQhsph
INFO:root:This is an Adress that has no listing: DvzMrVUut7Fuzy8eVSQ2oXjxTqVb8w9YwMHFfeM6g3t4
INFO:root:This is an Adress that has no listing: 86iciSMAZ6PinjXK93nkok26gMkwSTNQaiJNEzpfbTCs
INFO:root:This is an Adress that has no listing: EbArmZabqnnpFnhtQ2RDEYwBeB52xkmmBqLE5iLEToeW
INFO:root:This is an Adress that has no listing: DL5DDj3tztFAPFLeQCkqjyhufZvCbhAsnfsCBbo8KiC1
INFO:root:This is an Adress that has no listing: 2dte4mz6ZgH2dbVRmXwzDwyNrV7j2ZXetXCN8DpWHBou
INFO:root:This is an Adress that has no listing: 8PFL9odnDsHCtZFvzBfNb3ctmNwBY4RB5t5coX57zjA1
INFO:root:This is an Adress that has no listing: 4ZGeVx4n5jXr5ApbERTSwK1WPLWdEVF5ypXevY89GKsn
INFO:root:This is an Adress that has no listing: BPK1NjN9mUWUSWhPhJNaN3rtUaxak9fKxTVy5Etyspeq
INFO:root:This is an Adress that has no listing: 8jS2sUAFQhhcvSBCtR99aagnFxZRa9papAkjq11qEZeZ
INFO:root:This is an Adress that has no listing: ENnG9zD6twTmzhQqdzCz9pLGtSxvFVaJUeD3McrBnunx
INFO:root:This is an Adress that has no listing: AyiCsN3gddBxRRgwJpSuMZ3AcGpZfW2J2ur4i4EpHzkb
INFO:root:This is an Adress that has no listing: 447hhB4jgtwLkFPxcGqeseTuYipAny6BqN1Pez7pxATa
INFO:root:This is an Adress that has no listing: 72kzTAK1pZb6TtnnCMvNvAbBhviM9BvFZXADUeVRkjCq
INFO:root:This is an Adress that has no listing: GEkEsz1Wy6QYudguxsVqTGc57ZxjeHFwV9qeK84Cipx9
INFO:root:This is an Adress that has no listing: EfRZjdALtaVuD42vAeDxBdMbzXBRVhvyUbVQhAemr5M2
INFO:root:This is an Adress that has no listing: DDuPXRT2o8bJLCCeV7RA62UES5D6QX8vRSLXgwWc2C2R
INFO:root:This is an Adress that has no listing: Gr3KrGLMKP6EEAYiVUeGTT9cVVQUZk6DN22mTh6oQF4U
INFO:root:This is an Adress that has no listing: DbcrNdTPM13rihE954XkNLDwNXPFiwML5mgnUtFqNGNx
INFO:root:This is an Adress that has no listing: J4wFiVdEEe5nDBh5TEi3eKpxMjTCfGjfeyRFFn3jq1zg
INFO:root:This is an Adress that has no listing: ZpDkbGHYGUwqD31JDoEHMFyfb8s5Xn5tcfybea4hj7c
INFO:root:This is an Adress that has no listing: BEPsyWNd6WtDaei4fxsqyuxZZPB425SZpUbZKeGjmGp9
INFO:root:This is an Adress that has no listing: 9GhNf8JBiWk2SrZWmMjH9Bh6cvXZnVu86GL5o6njAKhV
INFO:root:This is an Adress that has no listing: DEknnEE6zsXrGMRuoT9kZ4hXZGyszQiJKW7ePqtyFXGZ
INFO:root:This is an Adress that has no listing: Gz4RrpAQkStZoGuc8LzefaXnUdVZsSFLhejUji9HCnkt
INFO:root:This is an Adress that has no listing: Bsb9tKFaqhWW8eJ9V8VcJNKRpFNy22Ditfx7x4LzB1bB
INFO:root:This is an Adress that has no listing: 9vytr2T6dJCA5yJpLbnq2o9xc9GvDhEE7rKDwwPvYKgh
INFO:root:This is an Adress that has no listing: 3b6KfKjAeTP77AebcMCvJHupvQRQ1MVQ92Zk7sfVw4Gv
INFO:root:This is an Adress that has no listing: F2gns9QGBRDm8LQzqRxLQnVSUJ1eredtA829a11NageJ
INFO:root:This is an Adress that has no listing: 62PVH73xsAsxjFfcEZPc2caLLg2RNavExDYSnuUmKpCu
INFO:root:This is an Adress that has no listing: 35viXupZ2GC1T9dfCGjhzry9ybxwfxc6L7hs1WmTGmG6
INFO:root:This is an Adress that has no listing: CzxnpGVbUL9ZqNBvv8xURmrHqhtgGDS2tL7TeUtubvaw
INFO:root:This is an Adress that has no listing: 35HbXzf15WqqVdKK1tAH4hgCYu49rfXu5YEx5NmJe6J4
INFO:root:This is an Adress that has no listing: 6a5M4QafuxJf8eHurKJb19XAc71SHJQpzvKRq2RChGbr
INFO:root:This is an Adress that has no listing: BaWiDW9hzVRgS1yyQXAq5yiwwCZ8LgETtqFMKRH4FDX
INFO:root:This is an Adress that has no listing: EUUxCyE79itUH4Qd8qmXBrR9HCXgUrbnZUW8vY3maz7f
INFO:root:This is an Adress that has no listing: 6dW28mNhzKFmTizb2XRnpxPSyQxQXJQL5Ds9MjgV8BR7
INFO:root:This is an Adress that has no listing: EaKuxqGTnAHTUZh6kWep5WsNzrgymZmXUXoLPTLF3s9L
INFO:root:This is an Adress that has no listing: s8ciUtjH9WvE6vNUmsVkXmx6HpDaX9m5JJee7wjhUjB
INFO:root:This is an Adress that has no listing: DZizrYc2jySsmc3RbDtepWAiDCkZHJ1heHeg4oc3kAE2
INFO:root:This is an Adress that has no listing: ZJcjuDiZdzvb1Ye7tzWEVAAK2N296JSABWrrQhEiQ6d
INFO:root:This is an Adress that has no listing: 5xaeL3JrwUgHHwD7qTtGkJqyB2JJq5dHVPFhtoZf2uJZ
INFO:root:This is an Adress that has no listing: XJiTKB3H1A1ZqeGPzgj7DZX3Pk1URaoDNDVk7j6fF9z
INFO:root:This is an Adress that has no listing: 62UnLjpibFZhyDFVMfwoY7yKM19JcYFBC3mr7fAUivKv
INFO:root:This is an Adress that has no listing: Bx6xbMcazPaiZYERtxJKpLEh3aTqKS8A431oGLj6nHAd
INFO:root:This is an Adress that has no listing: 6U1bRRsrypSXk4ejVKJCcwe9nMBS5Dc528kLPDTeLMN6
INFO:root:This is an Adress that has no listing: GHaauDSMzrHACDqKTxdXSoV8zpuAdJTtZWmLk5gZC81R
INFO:root:This is an Adress that has no listing: 3yFxSZPtc83FmTjNgkEostCFNmHTiHgxzZMRfm2a9uWV
INFO:root:This is an Adress that has no listing: GZT7Ewd3sm54zwZrKCeWYYJs6Qrj9HTJH9soMoWYs6sC
INFO:root:This is an Adress that has no listing: 46aUSguZALfojjado8h6gvrHXiQxuNXqUvM6U2By6zsH
INFO:root:This is an Adress that has no listing: 3sm2wPSD9km7bSCQFjBPeZUMkZanY9Tc5mR8sw3N6mVX
INFO:root:This is an Adress that has no listing: 6MegjkEBBEscVTsR73kjwmhCko6p5FVXMizHbXMEPwUj
INFO:root:This is an Adress that has no listing: 7ssFhZ7GsKystYf9YpauuDvEoCevp1FtGwxNr1P4psGq
INFO:root:This is an Adress that has no listing: BZocrTHt8QMhGce1G4bhKVo29YpVjqv2jGpUvy3XvLfR
INFO:root:This is an Adress that has no listing: BkrW9vTrQLU3mLY1kXUUnDGp3zurqKdM1oZ8SqbibF5R
INFO:root:This is an Adress that has no listing: 2Azb4eeNV9GGcPy8xu2D7say6MQnfbtcG1tFa3swFkRn
INFO:root:This is an Adress that has no listing: CqBpzgFRPYvVypFb2GrgSdWGCh2TfqwHeZ4PiUA2YR3y
INFO:root:This is an Adress that has no listing: Hw1kiA1wvgygvtemvRkDkMmm3Zc6qoke5WNBEHjAPcXJ
INFO:root:This is an Adress that has no listing: DhDGCrUft6aCzSh3p5pzQFHbtBsGfFHvoVwWc8ZdWznN
INFO:root:This is an Adress that has no listing: JCrjxBJ2evmFBhEgy7q2wpmY2rU3vkiPUBMu9pWmkjS
INFO:root:This is an Adress that has no listing: 4bUi2FttWXEJYd4D8icsw7yorR9cKbm1D9mo1nMBjJZU
INFO:root:This is an Adress that has no listing: 3SoieeC95GWurDHhV8wXQzPaVG1kamREzn2UTCXm6RKJ
INFO:root:This is an Adress that has no listing: C2uaJzvFX58NmBNHarE7puwHfix5ncLewXoAEMujivYC
INFO:root:This is an Adress that has no listing: HEELtbRFfpn2Hgb8BayERC1i22fHvUPt79s2sFg78jSX
INFO:root:This is an Adress that has no listing: 428pnzt7VaBvoZFYExsN3KBF5YjGefiG8qybjEiZ37XV
INFO:root:This is an Adress that has no listing: 89kGGJXKM7QrvVbj2num3JQBzXWe54XZbANxLWaRvCu3
INFO:root:This is an Adress that has no listing: 238fjojPMH24gARFESZtEZHswnUVjkZtKBfXzT32j4Ra
INFO:root:This is an Adress that has no listing: 3p1yW1ofAC4CFXmrbw3hUxaWfF84XcTxqGNAVjFTnMLD
INFO:root:This is an Adress that has no listing: 8HvPyrSDm8kjGc1zKLnu2zd64bx1qyYzzHvENSnXMQZs
INFO:root:This is an Adress that has no listing: EPkMT3iaKkSpNbBfLQm7XFsEXYUszqRxJSbEVCpa77Ji
INFO:root:This is an Adress that has no listing: 7tixGj4RNttsVMCq6yxPRXFwq8jbnFmVsPx2iT6KAdzB
INFO:root:This is an Adress that has no listing: AQfopCrbwzmmtVcGupWNiiyUeqE3MixqEiU6FpWze2n
INFO:root:This is an Adress that has no listing: J6RvUVnixYbqpvJG9frwBB9BA6vTyyiUFyKJvg1gFKah
INFO:root:This is an Adress that has no listing: 4LytvBf8YwhDFQsLezwzCdUiDTzzauq4nDLDsdsVKdL3
INFO:root:This is an Adress that has no listing: CA6AqvzAhFrPrpkvdHEkQ5r4ABee2y1a5F88fUJ9zM7S
INFO:root:This is an Adress that has no listing: FQsF7i44T2WE4av2u7MAoCEKc9LbnqJNPyZZ19u4Ph1X
INFO:root:This is an Adress that has no listing: CdUqdsWRgCW686fRRVfLt6cgG542Xh26t24mX6zCqzfe
INFO:root:This is an Adress that has no listing: GFVALx8E1oPQp35oW53e2tyT5rqf7x1wFC6w5se7aGhg
INFO:root:This is an Adress that has no listing: DtZJKDfomV1fPe8M2vW9QU5AxbD8ZstJQGdyU3MurKh5
INFO:root:This is an Adress that has no listing: 2KYbhYEJmM2WXpSQE5dtFHArjRkbXq4gvns77pkNTz81
INFO:root:This is an Adress that has no listing: 4McmJ2jj3ehdUkR5Tv22VyvpJD5zegP927z7AM5Gigqj
INFO:root:This is an Adress that has no listing: 8coNEqZF9CNZb2yNQPuUgQh3U7gwfibXKe3zPx6QKZ5x
INFO:root:This is an Adress that has no listing: 96qPqCLWP7BSFvwYkJMYYVXGprqPie6Dp82P9gBkdGus
INFO:root:This is an Adress that has no listing: DUpX1KtPs3gYr61DYgqkBdKQToxoUvEiW2qyWWBhp8o2
INFO:root:This is an Adress that has no listing: 5AisXVm5gvkqDVAQjepjEMZdsvrkVbNLDFAbUu5wRaDp
INFO:root:This is an Adress that has no listing: 96FSFtFGRCuPz6X7wpPVYDDBGdiUnhZ61CNQSRXaczAa
INFO:root:This is an Adress that has no listing: 4HTC1fXwipz9PRbqQU6PYrWfT8tvFuQMhaAUYj8n7mHD
INFO:root:This is an Adress that has no listing: 7FjTGvMgc2gWdYSLMvQ83TB2ESgT6riEcGUU71PP6ZUt
INFO:root:This is an Adress that has no listing: 3x6Mk1ZWYbuhQAVwsc3Ep4D782NdnmDYEYQjG5TnTu9p
INFO:root:This is an Adress that has no listing: AFFKpRnjrbNPgMtFSvqw3ATckdAFXL4bSJwVbquCHjkH
INFO:root:This is an Adress that has no listing: Ai7zyQkhPdnf9Waox2cUiFRexdPLmEAySG7D9rVeh6Gx
INFO:root:This is an Adress that has no listing: 5bXSVJ7vhxaK8BUroXY3fzBNPQ4TkPdSoCqQeqguvC9B
INFO:root:This is an Adress that has no listing: FvMcmPggNTTMjpqhPAxzGnKXRPTyQsSKhGsuxpcBf9Zj
INFO:root:This is an Adress that has no listing: 7AKg9nEvx1dEqK1LwPcRejTBK1rmLbL9z4fFyS6gqmZ7
INFO:root:This is an Adress that has no listing: Ducjt1Mz515UNv8fp1uQDWczn7LoHSVXGUxvD9hR7h9h
INFO:root:This is an Adress that has no listing: GgA3ugmERhjGipvejQX1M6RyFM4nDJPbAUxjMwdE8J1x
INFO:root:This is an Adress that has no listing: 9tJJFk5v89edaDrH1HmGSrPChT1aGcD3CmWQ56jWjaNj
INFO:root:This is an Adress that has no listing: 5UuuxKv9sbjkwcikwC6vLaEjkFk4JsmF51pDiux2xWkn
INFO:root:This is an Adress that has no listing: 8VJxg1SUsWG6kJPeFV6W7Eew3szyYS6SMHGSFoimWFcp
INFO:root:This is an Adress that has no listing: 31SJiFqX5SqhmgH1Pu3NHaLWbV8iqCPCgTZx8TGEnf29
INFO:root:This is an Adress that has no listing: 7XDenzeNG3hZMcN2xrmWegsedn6kb4KB5DeZfoCph78c
INFO:root:This is an Adress that has no listing: 5hbFRDJZLHLchEzXCaQeh8y2dYeDr97CUYhomuju9WQy
INFO:root:This is an Adress that has no listing: B2vJKUrteBFYGZfE1svYMBfWxhzuxLZHsUUzB7PZu5mU
INFO:root:This is an Adress that has no listing: Haic5eNjSRbkiHa2qeiK7rnqTsp4WCT4LDubM1H4a7d2
INFO:root:This is an Adress that has no listing: HdhWuzLbbf169WC8bvtJuNbRJ2PMbGHRtAtt9wPxTNn
INFO:root:This is an Adress that has no listing: 23rmfmGo17PDjgwYNQ2gPF21TXeRqUwZTg3ydEDL6RDH
INFO:root:This is an Adress that has no listing: EbHKm6HnAx5YijW7zC8ATm7oT4mjVd9DdRiDmW7htBcs
INFO:root:This is an Adress that has no listing: 3eroiebePfANRxFW26hx4xWc85fUPEytu83cNUFkmy5D
INFO:root:This is an Adress that has no listing: 3mb4M1i63ZBsynbrhEBPk6QuyvHQpFmrGN194bM9ki5w
INFO:root:This is an Adress that has no listing: 2T1b5gxXvxLjEYxRZhEA9MYTPKMLtMpwNKkepk8zgUWe
INFO:root:This is an Adress that has no listing: 8uyoje4Y6XG7f8YZyQJyBW2j22bzsZVB8sS4KXx99ZYU
INFO:root:This is an Adress that has no listing: D8CHbfmC1RPrGmo9QA1usGexRH59pNGPKHEu1tUjhyXz
INFO:root:This is an Adress that has no listing: HNvfwsf4kbKdA3678R3M8aJwKRMn3Z1BwLSHdYzrhX4Z
INFO:root:This is an Adress that has no listing: Ax87Wh7tv3PP2NDwN2Uk2CUJ2eSjMkX5S3b631qhP8Hj
INFO:root:This is an Adress that has no listing: EbRdmXcobLkhkqoc7quhGqEtV3XJ37sP5c2Q5e7b9f9A
INFO:root:This is an Adress that has no listing: 56g6WgYd34danZksenYpMX3CVvS3KJwWJXmtgRtXfbNW
INFO:root:This is an Adress that has no listing: DyBGwoFrqBokGa8FUdB5i7ZnBgrAHHZXLHy7XBUX8jbg
INFO:root:This is an Adress that has no listing: FjkrTNaV1yRQrtQXjWePT6T68QDmqHz9cCSwaATRVqZF
INFO:root:This is an Adress that has no listing: 3DAWG6JSoffe4TvxgMNwAKwnVPfNa31jvPPGSJrVL6hC
INFO:root:This is an Adress that has no listing: 6pwSdZSTqCUxgZAdF2Ay2aJE3KWhPxSK3QRxXnDJfgWx
INFO:root:This is an Adress that has no listing: 6sHj21QabJbDQcUC5xpbW5jCeAvRQht2J96tZiJpff4P
INFO:root:This is an Adress that has no listing: 8gViiB7cEJYtAtUVPQN14FLj9w2U9aeGVNe7toakQAxL
INFO:root:This is an Adress that has no listing: 2aXk5G9qowyz6bh5skhdgmT7gr9P3qsMoqFyqjQ2ndGz
INFO:root:This is an Adress that has no listing: D2eHuvK81oCbsZJVy6WHwAdAHoo3JkdxHUXQ2rtrKgKK
INFO:root:This is an Adress that has no listing: HfBL6fC1APzQws8VAVdz2qAfQS5zYj2gnGoABnqQxt8b
INFO:root:This is an Adress that has no listing: H68PCXvu2kS5zxPepcrcefMQqvKobBY964sSXzA66PsC
INFO:root:This is an Adress that has no listing: 2pGYgY3N9ML9S3xorAwf2Zk5ygAbYdKKJvazX268hd6K
INFO:root:This is an Adress that has no listing: 5YiC5JR6B3xktcuWQkCKSYFXWd1qcVSYgDS1whMeGt3H
INFO:root:This is an Adress that has no listing: AE3AyXebcMbz4p3Rc4CDQAkPAfbdbvqd6caf5LdFTGgK
INFO:root:This is an Adress that has no listing: 2rX5TXnnJLH5ijqPthtWfeWR3Wp5xBGeyRnVNLxNCwrm
INFO:root:This is an Adress that has no listing: A1LYgUpi7yM1tdfkekmxYS81bCFevai22oXw865E5wn
INFO:root:This is an Adress that has no listing: AFyk9p3vGwAQU5ujTkvCdKX2HHaFN7j6j4wLWG3tcf6u
INFO:root:This is an Adress that has no listing: D9P32z6XydYUkntSNd3CMSR2s6UJgzGuTunG97psmEVD
INFO:root:This is an Adress that has no listing: GCcgKWk6kxRqSDwLWVZu2V8J9opa26g1f6YTbifbLaHr
INFO:root:This is an Adress that has no listing: DQeD6KyqwPDSsawwE6nsSApYWnMZPkoc38bVxxm4wDBX
INFO:root:Started logging,  Code running..........  2022-10-10 13:39:32.034834
INFO:root:Started logging,  Code running..........  2022-10-10 13:40:30.980679
INFO:root:Started logging,  Code running..........  2022-10-10 13:41:10.786351
INFO:root:Started logging,  Code running..........  2022-10-10 13:44:01.244147
INFO:root:Started logging,  Code running..........  2022-10-10 13:55:01.468861
INFO:root:Started logging,  Code running..........  2022-10-10 14:50:44.705017
INFO:root:Started logging,  Code running..........  2022-10-10 15:05:43.643669
INFO:root:Started logging,  Code running..........  2022-10-10 15:06:00.729433
INFO:root:Started logging,  Code running..........  2022-10-10 15:10:26.410372
INFO:root:Started logging,  Code running..........  2022-10-10 15:10:50.549962
INFO:root:Started logging,  Code running..........  2022-10-10 15:18:11.860487
INFO:root:Started logging,  Code running..........  2022-10-10 15:22:03.868561
INFO:root:Started logging,  Code running..........  2022-10-10 15:23:37.458618
INFO:root:Started logging,  Code running..........  2022-10-10 15:25:28.843337
INFO:root:Started logging,  Code running..........  2022-10-10 15:26:14.758232
